<?xml version="1.0" encoding="UTF-8"?>
<!-- Generated by org.testng.reporters.JUnitXMLReporter -->
<testsuite ignored="0" hostname="DESKTOP-ST8OVAS" failures="0" tests="4" name="Default test" time="0.27" errors="0" timestamp="2024-02-22T22:50:24 IST">
  <testcase classname="com.hims.testNGDemo.TestBase" name="verifyLoginFeature" time="0.038"/>
  <testcase classname="com.hims.testNGDemo.TestBase" name="verifyRegestrationFeature" time="0.013"/>
  <testcase classname="com.hims.testNGDemo.TestBase" name="verifyadd" time="0.004"/>
  <testcase classname="com.hims.testNGDemo.TestBase" name="verifyLogoutFeature" time="0.009"/>
</testsuite> <!-- Default test -->
