<?xml version="1.0" encoding="UTF-8"?>
<testng-results ignored="0" total="4" passed="4" failed="0" skipped="0">
  <reporter-output>
  </reporter-output>
  <suite started-at="2024-02-22T22:50:24 IST" name="Default suite" finished-at="2024-02-22T22:50:24 IST" duration-ms="270">
    <groups>
    </groups>
    <test started-at="2024-02-22T22:50:24 IST" name="Default test" finished-at="2024-02-22T22:50:24 IST" duration-ms="270">
      <class name="com.hims.testNGDemo.TestBase">
        <test-method signature="verifyLoginFeature()[pri:-1, instance:com.hims.testNGDemo.TestBase@2fb3536e]" started-at="2024-02-22T22:50:24 IST" name="verifyLoginFeature" finished-at="2024-02-22T22:50:24 IST" duration-ms="38" status="PASS">
          <reporter-output>
          </reporter-output>
        </test-method> <!-- verifyLoginFeature -->
        <test-method signature="verifyRegestrationFeature()[pri:0, instance:com.hims.testNGDemo.TestBase@2fb3536e]" started-at="2024-02-22T22:50:24 IST" name="verifyRegestrationFeature" finished-at="2024-02-22T22:50:24 IST" duration-ms="13" status="PASS">
          <reporter-output>
          </reporter-output>
        </test-method> <!-- verifyRegestrationFeature -->
        <test-method signature="verifyadd()[pri:0, instance:com.hims.testNGDemo.TestBase@2fb3536e]" started-at="2024-02-22T22:50:24 IST" name="verifyadd" finished-at="2024-02-22T22:50:24 IST" duration-ms="4" status="PASS">
          <reporter-output>
          </reporter-output>
        </test-method> <!-- verifyadd -->
        <test-method signature="verifyLogoutFeature()[pri:1, instance:com.hims.testNGDemo.TestBase@2fb3536e]" started-at="2024-02-22T22:50:24 IST" name="verifyLogoutFeature" finished-at="2024-02-22T22:50:24 IST" duration-ms="9" status="PASS">
          <reporter-output>
          </reporter-output>
        </test-method> <!-- verifyLogoutFeature -->
      </class> <!-- com.hims.testNGDemo.TestBase -->
    </test> <!-- Default test -->
  </suite> <!-- Default suite -->
</testng-results>
