<?xml version="1.0" encoding="UTF-8"?>
<!-- Generated by org.testng.reporters.JUnitXMLReporter -->
<testsuite ignored="0" hostname="DESKTOP-ST8OVAS" failures="0" tests="6" name="RegressionTest" time="0.436" errors="0" timestamp="2024-02-22T22:39:23 IST">
  <testcase classname="com.hims.testNGDemo.TestBase" name="verifyLoginFeature" time="0.049"/>
  <testcase classname="com.hims.testNGDemo.TestBase" name="verifyLogoutFeature" time="0.003"/>
  <testcase classname="com.hims.testNGDemo.TestBase" name="verifyRegestrationFeature" time="0.027"/>
  <testcase classname="com.hims.testNGDemo.LoginFeature" name="verifyForgotPassword" time="0.023"/>
  <testcase classname="com.hims.testNGDemo.LoginFeature" name="verifyLaunchURl" time="0.011"/>
  <testcase classname="com.hims.testNGDemo.LoginFeature" name="verifyLoginLabels" time="0.008"/>
</testsuite> <!-- RegressionTest -->
